\BOOKMARK [0][-]{title.0}{封面}{}% 1
\BOOKMARK [0][-]{chapter.1}{openEuler系统环境实验}{}% 2
\BOOKMARK [1][-]{section.1.1}{实验目的}{chapter.1}% 3
\BOOKMARK [1][-]{section.1.2}{实验内容}{chapter.1}% 4
\BOOKMARK [1][-]{section.1.3}{实验思想}{chapter.1}% 5
\BOOKMARK [1][-]{section.1.4}{实验步骤}{chapter.1}% 6
\BOOKMARK [2][-]{subsection.1.4.1}{查看系统信息}{section.1.4}% 7
\BOOKMARK [2][-]{subsection.1.4.2}{测试编程环境}{section.1.4}% 8
\BOOKMARK [2][-]{subsection.1.4.3}{查看ARMv8-64汇编指令}{section.1.4}% 9
\BOOKMARK [2][-]{subsection.1.4.4}{编译和运行汇编程序}{section.1.4}% 10
\BOOKMARK [1][-]{section.1.5}{测试数据设计}{chapter.1}% 11
\BOOKMARK [1][-]{section.1.6}{程序运行初值及运行结果分析}{chapter.1}% 12
\BOOKMARK [1][-]{section.1.7}{实验总结}{chapter.1}% 13
\BOOKMARK [2][-]{subsection.1.7.1}{实验中的问题与解决过程}{section.1.7}% 14
\BOOKMARK [3][-]{subsubsection.1.7.1.1}{问题描述}{subsection.1.7.1}% 15
\BOOKMARK [3][-]{subsubsection.1.7.1.2}{解决过程}{subsection.1.7.1}% 16
\BOOKMARK [2][-]{subsection.1.7.2}{实验收获}{section.1.7}% 17
\BOOKMARK [2][-]{subsection.1.7.3}{意见与建议}{section.1.7}% 18
\BOOKMARK [0][-]{appendix.A}{附件}{}% 19
\BOOKMARK [1][-]{section.A.1}{第一个测试}{appendix.A}% 20
\BOOKMARK [0][-]{appendix.B}{附录测试}{}% 21
